[0.263s] DEBUG:colcon:Command line arguments: ['/usr/bin/colcon', 'build']
[0.264s] DEBUG:colcon:Parsed command line arguments: Namespace(allow_overriding=[], ament_cmake_args=None, base_paths=['.'], build_base='build', catkin_cmake_args=None, catkin_skip_building_tests=False, cmake_args=None, cmake_clean_cache=False, cmake_clean_first=False, cmake_force_configure=False, cmake_target=None, cmake_target_skip_unavailable=False, continue_on_error=False, event_handlers=None, executor='parallel', ignore_user_meta=False, install_base='install', log_base=None, log_level=None, main=<bound method BuildVerb.main of <colcon_core.verb.build.BuildVerb object at 0x7f4385540490>>, merge_install=False, metas=['./colcon.meta'], mixin=None, mixin_files=None, mixin_verb=('build',), packages_above=None, packages_above_and_dependencies=None, packages_above_depth=None, packages_end=None, packages_ignore=None, packages_ignore_regex=None, packages_select=None, packages_select_build_failed=False, packages_select_by_dep=None, packages_select_regex=None, packages_select_test_failures=False, packages_skip=None, packages_skip_build_finished=False, packages_skip_by_dep=None, packages_skip_regex=None, packages_skip_test_passed=False, packages_skip_up_to=None, packages_start=None, packages_up_to=None, packages_up_to_regex=None, parallel_workers=8, paths=None, symlink_install=False, test_result_base=None, verb_extension=<colcon_core.verb.build.BuildVerb object at 0x7f4385540490>, verb_name='build', verb_parser=<colcon_mixin.mixin.mixin_argument.MixinArgumentDecorator object at 0x7f4385540970>)
[0.318s] Level 1:colcon.colcon_core.package_discovery:discover_packages(colcon_meta) check parameters
[0.318s] Level 1:colcon.colcon_core.package_discovery:discover_packages(recursive) check parameters
[0.318s] Level 1:colcon.colcon_core.package_discovery:discover_packages(ignore) check parameters
[0.318s] Level 1:colcon.colcon_core.package_discovery:discover_packages(path) check parameters
[0.319s] Level 1:colcon.colcon_core.package_discovery:discover_packages(colcon_meta) discover
[0.319s] Level 1:colcon.colcon_core.package_discovery:discover_packages(recursive) discover
[0.319s] INFO:colcon.colcon_core.package_discovery:Crawling recursively for packages in '/home/danya/skate_ws/src/skate'
[0.319s] Level 1:colcon.colcon_core.package_identification:_identify(.) by extensions ['ignore', 'ignore_ament_install']
[0.319s] Level 1:colcon.colcon_core.package_identification:_identify(.) by extension 'ignore'
[0.319s] Level 1:colcon.colcon_core.package_identification:_identify(.) by extension 'ignore_ament_install'
[0.319s] Level 1:colcon.colcon_core.package_identification:_identify(.) by extensions ['colcon_pkg']
[0.319s] Level 1:colcon.colcon_core.package_identification:_identify(.) by extension 'colcon_pkg'
[0.319s] Level 1:colcon.colcon_core.package_identification:_identify(.) by extensions ['colcon_meta']
[0.319s] Level 1:colcon.colcon_core.package_identification:_identify(.) by extension 'colcon_meta'
[0.319s] Level 1:colcon.colcon_core.package_identification:_identify(.) by extensions ['ros']
[0.319s] Level 1:colcon.colcon_core.package_identification:_identify(.) by extension 'ros'
[0.338s] DEBUG:colcon.colcon_core.package_identification:Package '.' with type 'ros.ament_cmake' and name 'skate'
[0.338s] Level 1:colcon.colcon_core.package_discovery:discover_packages(recursive) using defaults
[0.338s] Level 1:colcon.colcon_core.package_discovery:discover_packages(ignore) discover
[0.338s] Level 1:colcon.colcon_core.package_discovery:discover_packages(ignore) using defaults
[0.338s] Level 1:colcon.colcon_core.package_discovery:discover_packages(path) discover
[0.338s] Level 1:colcon.colcon_core.package_discovery:discover_packages(path) using defaults
[0.356s] Level 1:colcon.colcon_core.package_discovery:discover_packages(prefix_path) check parameters
[0.357s] Level 1:colcon.colcon_core.package_discovery:discover_packages(prefix_path) discover
[0.358s] DEBUG:colcon.colcon_installed_package_information.package_discovery:Found 1 installed packages in /home/danya/skate_ws/src/skate/install
[0.359s] DEBUG:colcon.colcon_installed_package_information.package_discovery:Found 1 installed packages in /home/danya/skate_ws/install
[0.360s] DEBUG:colcon.colcon_installed_package_information.package_discovery:Found 295 installed packages in /opt/ros/foxy
[0.362s] Level 1:colcon.colcon_core.package_discovery:discover_packages(prefix_path) using defaults
[0.433s] Level 5:colcon.colcon_core.verb:set package 'skate' build argument 'cmake_args' from command line to 'None'
[0.434s] Level 5:colcon.colcon_core.verb:set package 'skate' build argument 'cmake_target' from command line to 'None'
[0.434s] Level 5:colcon.colcon_core.verb:set package 'skate' build argument 'cmake_target_skip_unavailable' from command line to 'False'
[0.434s] Level 5:colcon.colcon_core.verb:set package 'skate' build argument 'cmake_clean_cache' from command line to 'False'
[0.434s] Level 5:colcon.colcon_core.verb:set package 'skate' build argument 'cmake_clean_first' from command line to 'False'
[0.434s] Level 5:colcon.colcon_core.verb:set package 'skate' build argument 'cmake_force_configure' from command line to 'False'
[0.434s] Level 5:colcon.colcon_core.verb:set package 'skate' build argument 'ament_cmake_args' from command line to 'None'
[0.434s] Level 5:colcon.colcon_core.verb:set package 'skate' build argument 'catkin_cmake_args' from command line to 'None'
[0.434s] Level 5:colcon.colcon_core.verb:set package 'skate' build argument 'catkin_skip_building_tests' from command line to 'False'
[0.434s] DEBUG:colcon.colcon_core.verb:Building package 'skate' with the following arguments: {'ament_cmake_args': None, 'build_base': '/home/danya/skate_ws/src/skate/build/skate', 'catkin_cmake_args': None, 'catkin_skip_building_tests': False, 'cmake_args': None, 'cmake_clean_cache': False, 'cmake_clean_first': False, 'cmake_force_configure': False, 'cmake_target': None, 'cmake_target_skip_unavailable': False, 'install_base': '/home/danya/skate_ws/src/skate/install/skate', 'merge_install': False, 'path': '/home/danya/skate_ws/src/skate', 'symlink_install': False, 'test_result_base': None}
[0.434s] INFO:colcon.colcon_core.executor:Executing jobs using 'parallel' executor
[0.435s] DEBUG:colcon.colcon_parallel_executor.executor.parallel:run_until_complete
[0.435s] INFO:colcon.colcon_ros.task.ament_cmake.build:Building ROS package in '/home/danya/skate_ws/src/skate' with build type 'ament_cmake'
[0.436s] INFO:colcon.colcon_cmake.task.cmake.build:Building CMake package in '/home/danya/skate_ws/src/skate'
[0.438s] INFO:colcon.colcon_core.plugin_system:Skipping extension 'colcon_core.shell.bat': Not used on non-Windows systems
[0.438s] INFO:colcon.colcon_core.shell:Skip shell extension 'powershell' for command environment: Not usable outside of PowerShell
[0.438s] DEBUG:colcon.colcon_core.shell:Skip shell extension 'dsv' for command environment
[0.463s] DEBUG:colcon.colcon_core.event_handler.log_command:Invoking command in '/home/danya/skate_ws/src/skate/build/skate': CMAKE_PREFIX_PATH=${CMAKE_PREFIX_PATH}:/opt/ros/foxy /usr/bin/cmake --build /home/danya/skate_ws/src/skate/build/skate -- -j8 -l8
[0.541s] DEBUG:colcon.colcon_core.event_handler.log_command:Invoked command in '/home/danya/skate_ws/src/skate/build/skate' returned '0': CMAKE_PREFIX_PATH=${CMAKE_PREFIX_PATH}:/opt/ros/foxy /usr/bin/cmake --build /home/danya/skate_ws/src/skate/build/skate -- -j8 -l8
[0.565s] DEBUG:colcon.colcon_core.event_handler.log_command:Invoking command in '/home/danya/skate_ws/src/skate/build/skate': CMAKE_PREFIX_PATH=${CMAKE_PREFIX_PATH}:/opt/ros/foxy /usr/bin/cmake --install /home/danya/skate_ws/src/skate/build/skate
[0.582s] Level 1:colcon.colcon_core.environment:create_environment_scripts_only(skate)
[0.592s] DEBUG:colcon.colcon_core.event_handler.log_command:Invoked command in '/home/danya/skate_ws/src/skate/build/skate' returned '0': CMAKE_PREFIX_PATH=${CMAKE_PREFIX_PATH}:/opt/ros/foxy /usr/bin/cmake --install /home/danya/skate_ws/src/skate/build/skate
[0.595s] Level 1:colcon.colcon_core.environment:checking '/home/danya/skate_ws/src/skate/install/skate' for CMake module files
[0.597s] Level 1:colcon.colcon_core.environment:checking '/home/danya/skate_ws/src/skate/install/skate' for CMake config files
[0.598s] Level 1:colcon.colcon_core.shell:create_environment_hook('skate', 'cmake_prefix_path')
[0.599s] INFO:colcon.colcon_core.shell:Creating environment hook '/home/danya/skate_ws/src/skate/install/skate/share/skate/hook/cmake_prefix_path.ps1'
[0.600s] INFO:colcon.colcon_core.shell:Creating environment descriptor '/home/danya/skate_ws/src/skate/install/skate/share/skate/hook/cmake_prefix_path.dsv'
[0.601s] INFO:colcon.colcon_core.shell:Creating environment hook '/home/danya/skate_ws/src/skate/install/skate/share/skate/hook/cmake_prefix_path.sh'
[0.603s] Level 1:colcon.colcon_core.environment:checking '/home/danya/skate_ws/src/skate/install/skate/lib'
[0.604s] Level 1:colcon.colcon_core.environment:checking '/home/danya/skate_ws/src/skate/install/skate/bin'
[0.604s] Level 1:colcon.colcon_core.environment:checking '/home/danya/skate_ws/src/skate/install/skate/lib/pkgconfig/skate.pc'
[0.604s] Level 1:colcon.colcon_core.environment:checking '/home/danya/skate_ws/src/skate/install/skate/lib/python3.8/site-packages'
[0.605s] Level 1:colcon.colcon_core.environment:checking '/home/danya/skate_ws/src/skate/install/skate/bin'
[0.606s] INFO:colcon.colcon_core.shell:Creating package script '/home/danya/skate_ws/src/skate/install/skate/share/skate/package.ps1'
[0.608s] INFO:colcon.colcon_core.shell:Creating package descriptor '/home/danya/skate_ws/src/skate/install/skate/share/skate/package.dsv'
[0.609s] INFO:colcon.colcon_core.shell:Creating package script '/home/danya/skate_ws/src/skate/install/skate/share/skate/package.sh'
[0.609s] INFO:colcon.colcon_core.shell:Creating package script '/home/danya/skate_ws/src/skate/install/skate/share/skate/package.bash'
[0.610s] INFO:colcon.colcon_core.shell:Creating package script '/home/danya/skate_ws/src/skate/install/skate/share/skate/package.zsh'
[0.611s] Level 1:colcon.colcon_core.environment:create_file_with_runtime_dependencies(/home/danya/skate_ws/src/skate/install/skate/share/colcon-core/packages/skate)
[0.611s] Level 1:colcon.colcon_core.environment:create_environment_scripts_only(skate)
[0.612s] Level 1:colcon.colcon_core.environment:checking '/home/danya/skate_ws/src/skate/install/skate' for CMake module files
[0.612s] Level 1:colcon.colcon_core.environment:checking '/home/danya/skate_ws/src/skate/install/skate' for CMake config files
[0.613s] Level 1:colcon.colcon_core.shell:create_environment_hook('skate', 'cmake_prefix_path')
[0.613s] INFO:colcon.colcon_core.shell:Creating environment hook '/home/danya/skate_ws/src/skate/install/skate/share/skate/hook/cmake_prefix_path.ps1'
[0.614s] INFO:colcon.colcon_core.shell:Creating environment descriptor '/home/danya/skate_ws/src/skate/install/skate/share/skate/hook/cmake_prefix_path.dsv'
[0.614s] INFO:colcon.colcon_core.shell:Creating environment hook '/home/danya/skate_ws/src/skate/install/skate/share/skate/hook/cmake_prefix_path.sh'
[0.614s] Level 1:colcon.colcon_core.environment:checking '/home/danya/skate_ws/src/skate/install/skate/lib'
[0.615s] Level 1:colcon.colcon_core.environment:checking '/home/danya/skate_ws/src/skate/install/skate/bin'
[0.615s] Level 1:colcon.colcon_core.environment:checking '/home/danya/skate_ws/src/skate/install/skate/lib/pkgconfig/skate.pc'
[0.615s] Level 1:colcon.colcon_core.environment:checking '/home/danya/skate_ws/src/skate/install/skate/lib/python3.8/site-packages'
[0.615s] Level 1:colcon.colcon_core.environment:checking '/home/danya/skate_ws/src/skate/install/skate/bin'
[0.615s] INFO:colcon.colcon_core.shell:Creating package script '/home/danya/skate_ws/src/skate/install/skate/share/skate/package.ps1'
[0.616s] INFO:colcon.colcon_core.shell:Creating package descriptor '/home/danya/skate_ws/src/skate/install/skate/share/skate/package.dsv'
[0.616s] INFO:colcon.colcon_core.shell:Creating package script '/home/danya/skate_ws/src/skate/install/skate/share/skate/package.sh'
[0.617s] INFO:colcon.colcon_core.shell:Creating package script '/home/danya/skate_ws/src/skate/install/skate/share/skate/package.bash'
[0.617s] INFO:colcon.colcon_core.shell:Creating package script '/home/danya/skate_ws/src/skate/install/skate/share/skate/package.zsh'
[0.618s] Level 1:colcon.colcon_core.environment:create_file_with_runtime_dependencies(/home/danya/skate_ws/src/skate/install/skate/share/colcon-core/packages/skate)
[0.618s] DEBUG:colcon.colcon_parallel_executor.executor.parallel:closing loop
[0.618s] DEBUG:colcon.colcon_parallel_executor.executor.parallel:loop closed
[0.618s] DEBUG:colcon.colcon_parallel_executor.executor.parallel:run_until_complete finished with '0'
[0.618s] DEBUG:colcon.colcon_core.event_reactor:joining thread
[0.629s] INFO:colcon.colcon_core.plugin_system:Skipping extension 'colcon_notification.desktop_notification.terminal_notifier': Not used on non-Darwin systems
[0.630s] INFO:colcon.colcon_core.plugin_system:Skipping extension 'colcon_notification.desktop_notification.win32': Not used on non-Windows systems
[0.630s] INFO:colcon.colcon_notification.desktop_notification:Sending desktop notification using 'notify2'
[0.656s] DEBUG:colcon.colcon_core.event_reactor:joined thread
[0.657s] INFO:colcon.colcon_core.shell:Creating prefix script '/home/danya/skate_ws/src/skate/install/local_setup.ps1'
[0.659s] INFO:colcon.colcon_core.shell:Creating prefix util module '/home/danya/skate_ws/src/skate/install/_local_setup_util_ps1.py'
[0.662s] INFO:colcon.colcon_core.shell:Creating prefix chain script '/home/danya/skate_ws/src/skate/install/setup.ps1'
[0.665s] INFO:colcon.colcon_core.shell:Creating prefix script '/home/danya/skate_ws/src/skate/install/local_setup.sh'
[0.667s] INFO:colcon.colcon_core.shell:Creating prefix util module '/home/danya/skate_ws/src/skate/install/_local_setup_util_sh.py'
[0.668s] INFO:colcon.colcon_core.shell:Creating prefix chain script '/home/danya/skate_ws/src/skate/install/setup.sh'
[0.670s] INFO:colcon.colcon_core.shell:Creating prefix script '/home/danya/skate_ws/src/skate/install/local_setup.bash'
[0.672s] INFO:colcon.colcon_core.shell:Creating prefix chain script '/home/danya/skate_ws/src/skate/install/setup.bash'
[0.673s] INFO:colcon.colcon_core.shell:Creating prefix script '/home/danya/skate_ws/src/skate/install/local_setup.zsh'
[0.674s] INFO:colcon.colcon_core.shell:Creating prefix chain script '/home/danya/skate_ws/src/skate/install/setup.zsh'
