[0.259s] DEBUG:colcon:Command line arguments: ['/usr/bin/colcon', 'build']
[0.259s] DEBUG:colcon:Parsed command line arguments: Namespace(allow_overriding=[], ament_cmake_args=None, base_paths=['.'], build_base='build', catkin_cmake_args=None, catkin_skip_building_tests=False, cmake_args=None, cmake_clean_cache=False, cmake_clean_first=False, cmake_force_configure=False, cmake_target=None, cmake_target_skip_unavailable=False, continue_on_error=False, event_handlers=None, executor='parallel', ignore_user_meta=False, install_base='install', log_base=None, log_level=None, main=<bound method BuildVerb.main of <colcon_core.verb.build.BuildVerb object at 0x7fb45ce7b4c0>>, merge_install=False, metas=['./colcon.meta'], mixin=None, mixin_files=None, mixin_verb=('build',), packages_above=None, packages_above_and_dependencies=None, packages_above_depth=None, packages_end=None, packages_ignore=None, packages_ignore_regex=None, packages_select=None, packages_select_build_failed=False, packages_select_by_dep=None, packages_select_regex=None, packages_select_test_failures=False, packages_skip=None, packages_skip_build_finished=False, packages_skip_by_dep=None, packages_skip_regex=None, packages_skip_test_passed=False, packages_skip_up_to=None, packages_start=None, packages_up_to=None, packages_up_to_regex=None, parallel_workers=8, paths=None, symlink_install=False, test_result_base=None, verb_extension=<colcon_core.verb.build.BuildVerb object at 0x7fb45ce7b4c0>, verb_name='build', verb_parser=<colcon_mixin.mixin.mixin_argument.MixinArgumentDecorator object at 0x7fb45ce7b9a0>)
[0.306s] Level 1:colcon.colcon_core.package_discovery:discover_packages(colcon_meta) check parameters
[0.306s] Level 1:colcon.colcon_core.package_discovery:discover_packages(recursive) check parameters
[0.307s] Level 1:colcon.colcon_core.package_discovery:discover_packages(ignore) check parameters
[0.307s] Level 1:colcon.colcon_core.package_discovery:discover_packages(path) check parameters
[0.307s] Level 1:colcon.colcon_core.package_discovery:discover_packages(colcon_meta) discover
[0.307s] Level 1:colcon.colcon_core.package_discovery:discover_packages(recursive) discover
[0.307s] INFO:colcon.colcon_core.package_discovery:Crawling recursively for packages in '/home/danya/skate_ws/src/skate'
[0.307s] Level 1:colcon.colcon_core.package_identification:_identify(.) by extensions ['ignore', 'ignore_ament_install']
[0.307s] Level 1:colcon.colcon_core.package_identification:_identify(.) by extension 'ignore'
[0.307s] Level 1:colcon.colcon_core.package_identification:_identify(.) by extension 'ignore_ament_install'
[0.307s] Level 1:colcon.colcon_core.package_identification:_identify(.) by extensions ['colcon_pkg']
[0.307s] Level 1:colcon.colcon_core.package_identification:_identify(.) by extension 'colcon_pkg'
[0.307s] Level 1:colcon.colcon_core.package_identification:_identify(.) by extensions ['colcon_meta']
[0.307s] Level 1:colcon.colcon_core.package_identification:_identify(.) by extension 'colcon_meta'
[0.307s] Level 1:colcon.colcon_core.package_identification:_identify(.) by extensions ['ros']
[0.307s] Level 1:colcon.colcon_core.package_identification:_identify(.) by extension 'ros'
[0.366s] DEBUG:colcon.colcon_core.package_identification:Package '.' with type 'ros.ament_cmake' and name 'skate'
[0.366s] Level 1:colcon.colcon_core.package_discovery:discover_packages(recursive) using defaults
[0.366s] Level 1:colcon.colcon_core.package_discovery:discover_packages(ignore) discover
[0.366s] Level 1:colcon.colcon_core.package_discovery:discover_packages(ignore) using defaults
[0.366s] Level 1:colcon.colcon_core.package_discovery:discover_packages(path) discover
[0.366s] Level 1:colcon.colcon_core.package_discovery:discover_packages(path) using defaults
[0.385s] Level 1:colcon.colcon_core.package_discovery:discover_packages(prefix_path) check parameters
[0.385s] Level 1:colcon.colcon_core.package_discovery:discover_packages(prefix_path) discover
[0.387s] DEBUG:colcon.colcon_installed_package_information.package_discovery:Found 1 installed packages in /home/danya/skate_ws/install
[0.388s] DEBUG:colcon.colcon_installed_package_information.package_discovery:Found 295 installed packages in /opt/ros/foxy
[0.390s] Level 1:colcon.colcon_core.package_discovery:discover_packages(prefix_path) using defaults
[0.461s] Level 5:colcon.colcon_core.verb:set package 'skate' build argument 'cmake_args' from command line to 'None'
[0.461s] Level 5:colcon.colcon_core.verb:set package 'skate' build argument 'cmake_target' from command line to 'None'
[0.462s] Level 5:colcon.colcon_core.verb:set package 'skate' build argument 'cmake_target_skip_unavailable' from command line to 'False'
[0.462s] Level 5:colcon.colcon_core.verb:set package 'skate' build argument 'cmake_clean_cache' from command line to 'False'
[0.462s] Level 5:colcon.colcon_core.verb:set package 'skate' build argument 'cmake_clean_first' from command line to 'False'
[0.462s] Level 5:colcon.colcon_core.verb:set package 'skate' build argument 'cmake_force_configure' from command line to 'False'
[0.462s] Level 5:colcon.colcon_core.verb:set package 'skate' build argument 'ament_cmake_args' from command line to 'None'
[0.462s] Level 5:colcon.colcon_core.verb:set package 'skate' build argument 'catkin_cmake_args' from command line to 'None'
[0.462s] Level 5:colcon.colcon_core.verb:set package 'skate' build argument 'catkin_skip_building_tests' from command line to 'False'
[0.462s] DEBUG:colcon.colcon_core.verb:Building package 'skate' with the following arguments: {'ament_cmake_args': None, 'build_base': '/home/danya/skate_ws/src/skate/build/skate', 'catkin_cmake_args': None, 'catkin_skip_building_tests': False, 'cmake_args': None, 'cmake_clean_cache': False, 'cmake_clean_first': False, 'cmake_force_configure': False, 'cmake_target': None, 'cmake_target_skip_unavailable': False, 'install_base': '/home/danya/skate_ws/src/skate/install/skate', 'merge_install': False, 'path': '/home/danya/skate_ws/src/skate', 'symlink_install': False, 'test_result_base': None}
[0.462s] INFO:colcon.colcon_core.executor:Executing jobs using 'parallel' executor
[0.463s] DEBUG:colcon.colcon_parallel_executor.executor.parallel:run_until_complete
[0.463s] INFO:colcon.colcon_ros.task.ament_cmake.build:Building ROS package in '/home/danya/skate_ws/src/skate' with build type 'ament_cmake'
[0.463s] INFO:colcon.colcon_cmake.task.cmake.build:Building CMake package in '/home/danya/skate_ws/src/skate'
[0.466s] INFO:colcon.colcon_core.plugin_system:Skipping extension 'colcon_core.shell.bat': Not used on non-Windows systems
[0.466s] INFO:colcon.colcon_core.shell:Skip shell extension 'powershell' for command environment: Not usable outside of PowerShell
[0.466s] DEBUG:colcon.colcon_core.shell:Skip shell extension 'dsv' for command environment
[0.483s] DEBUG:colcon.colcon_core.event_handler.log_command:Invoking command in '/home/danya/skate_ws/src/skate/build/skate': CMAKE_PREFIX_PATH=${CMAKE_PREFIX_PATH}:/opt/ros/foxy /usr/bin/cmake /home/danya/skate_ws/src/skate -DCMAKE_INSTALL_PREFIX=/home/danya/skate_ws/src/skate/install/skate
[3.914s] DEBUG:colcon.colcon_core.event_handler.log_command:Invoked command in '/home/danya/skate_ws/src/skate/build/skate' returned '0': CMAKE_PREFIX_PATH=${CMAKE_PREFIX_PATH}:/opt/ros/foxy /usr/bin/cmake /home/danya/skate_ws/src/skate -DCMAKE_INSTALL_PREFIX=/home/danya/skate_ws/src/skate/install/skate
[3.921s] DEBUG:colcon.colcon_core.event_handler.log_command:Invoking command in '/home/danya/skate_ws/src/skate/build/skate': CMAKE_PREFIX_PATH=${CMAKE_PREFIX_PATH}:/opt/ros/foxy /usr/bin/cmake --build /home/danya/skate_ws/src/skate/build/skate -- -j8 -l8
[3.999s] DEBUG:colcon.colcon_core.event_handler.log_command:Invoked command in '/home/danya/skate_ws/src/skate/build/skate' returned '0': CMAKE_PREFIX_PATH=${CMAKE_PREFIX_PATH}:/opt/ros/foxy /usr/bin/cmake --build /home/danya/skate_ws/src/skate/build/skate -- -j8 -l8
[4.025s] DEBUG:colcon.colcon_core.event_handler.log_command:Invoking command in '/home/danya/skate_ws/src/skate/build/skate': CMAKE_PREFIX_PATH=${CMAKE_PREFIX_PATH}:/opt/ros/foxy /usr/bin/cmake --install /home/danya/skate_ws/src/skate/build/skate
[4.091s] Level 1:colcon.colcon_core.environment:create_environment_scripts_only(skate)
[4.092s] DEBUG:colcon.colcon_core.event_handler.log_command:Invoked command in '/home/danya/skate_ws/src/skate/build/skate' returned '0': CMAKE_PREFIX_PATH=${CMAKE_PREFIX_PATH}:/opt/ros/foxy /usr/bin/cmake --install /home/danya/skate_ws/src/skate/build/skate
[4.095s] Level 1:colcon.colcon_core.environment:checking '/home/danya/skate_ws/src/skate/install/skate' for CMake module files
[4.095s] Level 1:colcon.colcon_core.environment:checking '/home/danya/skate_ws/src/skate/install/skate' for CMake config files
[4.096s] Level 1:colcon.colcon_core.shell:create_environment_hook('skate', 'cmake_prefix_path')
[4.096s] INFO:colcon.colcon_core.shell:Creating environment hook '/home/danya/skate_ws/src/skate/install/skate/share/skate/hook/cmake_prefix_path.ps1'
[4.097s] INFO:colcon.colcon_core.shell:Creating environment descriptor '/home/danya/skate_ws/src/skate/install/skate/share/skate/hook/cmake_prefix_path.dsv'
[4.098s] INFO:colcon.colcon_core.shell:Creating environment hook '/home/danya/skate_ws/src/skate/install/skate/share/skate/hook/cmake_prefix_path.sh'
[4.099s] Level 1:colcon.colcon_core.environment:checking '/home/danya/skate_ws/src/skate/install/skate/lib'
[4.099s] Level 1:colcon.colcon_core.environment:checking '/home/danya/skate_ws/src/skate/install/skate/bin'
[4.099s] Level 1:colcon.colcon_core.environment:checking '/home/danya/skate_ws/src/skate/install/skate/lib/pkgconfig/skate.pc'
[4.099s] Level 1:colcon.colcon_core.environment:checking '/home/danya/skate_ws/src/skate/install/skate/lib/python3.8/site-packages'
[4.099s] Level 1:colcon.colcon_core.environment:checking '/home/danya/skate_ws/src/skate/install/skate/bin'
[4.100s] INFO:colcon.colcon_core.shell:Creating package script '/home/danya/skate_ws/src/skate/install/skate/share/skate/package.ps1'
[4.101s] INFO:colcon.colcon_core.shell:Creating package descriptor '/home/danya/skate_ws/src/skate/install/skate/share/skate/package.dsv'
[4.102s] INFO:colcon.colcon_core.shell:Creating package script '/home/danya/skate_ws/src/skate/install/skate/share/skate/package.sh'
[4.103s] INFO:colcon.colcon_core.shell:Creating package script '/home/danya/skate_ws/src/skate/install/skate/share/skate/package.bash'
[4.104s] INFO:colcon.colcon_core.shell:Creating package script '/home/danya/skate_ws/src/skate/install/skate/share/skate/package.zsh'
[4.104s] Level 1:colcon.colcon_core.environment:create_file_with_runtime_dependencies(/home/danya/skate_ws/src/skate/install/skate/share/colcon-core/packages/skate)
[4.105s] Level 1:colcon.colcon_core.environment:create_environment_scripts_only(skate)
[4.105s] Level 1:colcon.colcon_core.environment:checking '/home/danya/skate_ws/src/skate/install/skate' for CMake module files
[4.106s] Level 1:colcon.colcon_core.environment:checking '/home/danya/skate_ws/src/skate/install/skate' for CMake config files
[4.107s] Level 1:colcon.colcon_core.shell:create_environment_hook('skate', 'cmake_prefix_path')
[4.107s] INFO:colcon.colcon_core.shell:Creating environment hook '/home/danya/skate_ws/src/skate/install/skate/share/skate/hook/cmake_prefix_path.ps1'
[4.107s] INFO:colcon.colcon_core.shell:Creating environment descriptor '/home/danya/skate_ws/src/skate/install/skate/share/skate/hook/cmake_prefix_path.dsv'
[4.108s] INFO:colcon.colcon_core.shell:Creating environment hook '/home/danya/skate_ws/src/skate/install/skate/share/skate/hook/cmake_prefix_path.sh'
[4.108s] Level 1:colcon.colcon_core.environment:checking '/home/danya/skate_ws/src/skate/install/skate/lib'
[4.108s] Level 1:colcon.colcon_core.environment:checking '/home/danya/skate_ws/src/skate/install/skate/bin'
[4.108s] Level 1:colcon.colcon_core.environment:checking '/home/danya/skate_ws/src/skate/install/skate/lib/pkgconfig/skate.pc'
[4.109s] Level 1:colcon.colcon_core.environment:checking '/home/danya/skate_ws/src/skate/install/skate/lib/python3.8/site-packages'
[4.109s] Level 1:colcon.colcon_core.environment:checking '/home/danya/skate_ws/src/skate/install/skate/bin'
[4.109s] INFO:colcon.colcon_core.shell:Creating package script '/home/danya/skate_ws/src/skate/install/skate/share/skate/package.ps1'
[4.110s] INFO:colcon.colcon_core.shell:Creating package descriptor '/home/danya/skate_ws/src/skate/install/skate/share/skate/package.dsv'
[4.110s] INFO:colcon.colcon_core.shell:Creating package script '/home/danya/skate_ws/src/skate/install/skate/share/skate/package.sh'
[4.111s] INFO:colcon.colcon_core.shell:Creating package script '/home/danya/skate_ws/src/skate/install/skate/share/skate/package.bash'
[4.111s] INFO:colcon.colcon_core.shell:Creating package script '/home/danya/skate_ws/src/skate/install/skate/share/skate/package.zsh'
[4.111s] Level 1:colcon.colcon_core.environment:create_file_with_runtime_dependencies(/home/danya/skate_ws/src/skate/install/skate/share/colcon-core/packages/skate)
[4.112s] DEBUG:colcon.colcon_parallel_executor.executor.parallel:closing loop
[4.112s] DEBUG:colcon.colcon_parallel_executor.executor.parallel:loop closed
[4.112s] DEBUG:colcon.colcon_parallel_executor.executor.parallel:run_until_complete finished with '0'
[4.113s] DEBUG:colcon.colcon_core.event_reactor:joining thread
[4.118s] INFO:colcon.colcon_core.plugin_system:Skipping extension 'colcon_notification.desktop_notification.terminal_notifier': Not used on non-Darwin systems
[4.118s] INFO:colcon.colcon_core.plugin_system:Skipping extension 'colcon_notification.desktop_notification.win32': Not used on non-Windows systems
[4.118s] INFO:colcon.colcon_notification.desktop_notification:Sending desktop notification using 'notify2'
[4.142s] DEBUG:colcon.colcon_core.event_reactor:joined thread
[4.142s] INFO:colcon.colcon_core.shell:Creating prefix script '/home/danya/skate_ws/src/skate/install/local_setup.ps1'
[4.145s] INFO:colcon.colcon_core.shell:Creating prefix util module '/home/danya/skate_ws/src/skate/install/_local_setup_util_ps1.py'
[4.149s] INFO:colcon.colcon_core.shell:Creating prefix chain script '/home/danya/skate_ws/src/skate/install/setup.ps1'
[4.151s] INFO:colcon.colcon_core.shell:Creating prefix script '/home/danya/skate_ws/src/skate/install/local_setup.sh'
[4.152s] INFO:colcon.colcon_core.shell:Creating prefix util module '/home/danya/skate_ws/src/skate/install/_local_setup_util_sh.py'
[4.152s] INFO:colcon.colcon_core.shell:Creating prefix chain script '/home/danya/skate_ws/src/skate/install/setup.sh'
[4.154s] INFO:colcon.colcon_core.shell:Creating prefix script '/home/danya/skate_ws/src/skate/install/local_setup.bash'
[4.154s] INFO:colcon.colcon_core.shell:Creating prefix chain script '/home/danya/skate_ws/src/skate/install/setup.bash'
[4.155s] INFO:colcon.colcon_core.shell:Creating prefix script '/home/danya/skate_ws/src/skate/install/local_setup.zsh'
[4.156s] INFO:colcon.colcon_core.shell:Creating prefix chain script '/home/danya/skate_ws/src/skate/install/setup.zsh'
