[0.018s] Invoking command in '/home/danya/skate_ws/src/skate/build/skate': CMAKE_PREFIX_PATH=${CMAKE_PREFIX_PATH}:/opt/ros/foxy /usr/bin/cmake /home/danya/skate_ws/src/skate -DCMAKE_INSTALL_PREFIX=/home/danya/skate_ws/src/skate/install/skate
[0.238s] -- The C compiler identification is GNU 9.4.0
[0.401s] -- The CXX compiler identification is GNU 9.4.0
[0.409s] -- Check for working C compiler: /usr/bin/cc
[0.544s] -- Check for working C compiler: /usr/bin/cc -- works
[0.548s] -- Detecting C compiler ABI info
[0.681s] -- Detecting C compiler ABI info - done
[0.699s] -- Detecting C compile features
[0.700s] -- Detecting C compile features - done
[0.703s] -- Check for working CXX compiler: /usr/bin/c++
[0.854s] -- Check for working CXX compiler: /usr/bin/c++ -- works
[0.855s] -- Detecting CXX compiler ABI info
[1.001s] -- Detecting CXX compiler ABI info - done
[1.019s] -- Detecting CXX compile features
[1.019s] -- Detecting CXX compile features - done
[1.039s] -- Found ament_cmake: 0.9.12 (/opt/ros/foxy/share/ament_cmake/cmake)
[1.082s] -- Found PythonInterp: /usr/bin/python3 (found suitable version "3.8.10", minimum required is "3") 
[1.082s] -- Using PYTHON_EXECUTABLE: /usr/bin/python3
[1.408s] -- Found rclpy: 1.0.13 (/opt/ros/foxy/share/rclpy/cmake)
[1.410s] -- Found nav_msgs: 2.0.5 (/opt/ros/foxy/share/nav_msgs/cmake)
[1.461s] -- Using all available rosidl_typesupport_c: rosidl_typesupport_fastrtps_c;rosidl_typesupport_introspection_c
[1.471s] -- Found rosidl_adapter: 1.3.1 (/opt/ros/foxy/share/rosidl_adapter/cmake)
[1.703s] -- Found OpenSSL: /usr/lib/x86_64-linux-gnu/libcrypto.so (found version "1.1.1f")  
[1.757s] -- Found FastRTPS: /opt/ros/foxy/include  
[1.867s] -- Using all available rosidl_typesupport_cpp: rosidl_typesupport_fastrtps_cpp;rosidl_typesupport_introspection_cpp
[2.060s] -- Found tf2_ros: 0.13.14 (/opt/ros/foxy/share/tf2_ros/cmake)
[2.133s] -- Found rmw_implementation_cmake: 1.0.4 (/opt/ros/foxy/share/rmw_implementation_cmake/cmake)
[2.135s] -- Using RMW implementation 'rmw_fastrtps_cpp' as default
[2.137s] -- Looking for pthread.h
[2.270s] -- Looking for pthread.h - found
[2.271s] -- Performing Test CMAKE_HAVE_LIBC_PTHREAD
[2.419s] -- Performing Test CMAKE_HAVE_LIBC_PTHREAD - Failed
[2.419s] -- Looking for pthread_create in pthreads
[2.546s] -- Looking for pthread_create in pthreads - not found
[2.546s] -- Looking for pthread_create in pthread
[2.683s] -- Looking for pthread_create in pthread - found
[2.684s] -- Found Threads: TRUE  
[3.261s] -- Found ament_lint_auto: 0.9.8 (/opt/ros/foxy/share/ament_lint_auto/cmake)
[3.357s] -- Added test 'copyright' to check source files copyright and LICENSE
[3.377s] -- Added test 'cppcheck' to perform static code analysis on C / C++ code
[3.377s] -- Configured cppcheck include dirs: 
[3.377s] -- Configured cppcheck exclude dirs and/or files: 
[3.395s] -- Added test 'cpplint' to check C / C++ code against the Google style
[3.395s] -- Configured cpplint exclude dirs and/or files: 
[3.398s] -- Added test 'flake8' to check Python code syntax and style conventions
[3.403s] -- Added test 'lint_cmake' to check CMake code style
[3.406s] -- Added test 'pep257' to check Python code against some of the style conventions in PEP 257
[3.423s] -- Added test 'uncrustify' to check C / C++ code style
[3.423s] -- Configured uncrustify additional arguments: 
[3.426s] -- Added test 'xmllint' to check XML markup files
[3.431s] -- Configuring done
[3.434s] -- Generating done
[3.437s] -- Build files have been written to: /home/danya/skate_ws/src/skate/build/skate
[3.450s] Invoked command in '/home/danya/skate_ws/src/skate/build/skate' returned '0': CMAKE_PREFIX_PATH=${CMAKE_PREFIX_PATH}:/opt/ros/foxy /usr/bin/cmake /home/danya/skate_ws/src/skate -DCMAKE_INSTALL_PREFIX=/home/danya/skate_ws/src/skate/install/skate
[3.456s] Invoking command in '/home/danya/skate_ws/src/skate/build/skate': CMAKE_PREFIX_PATH=${CMAKE_PREFIX_PATH}:/opt/ros/foxy /usr/bin/cmake --build /home/danya/skate_ws/src/skate/build/skate -- -j8 -l8
[3.535s] Invoked command in '/home/danya/skate_ws/src/skate/build/skate' returned '0': CMAKE_PREFIX_PATH=${CMAKE_PREFIX_PATH}:/opt/ros/foxy /usr/bin/cmake --build /home/danya/skate_ws/src/skate/build/skate -- -j8 -l8
[3.561s] Invoking command in '/home/danya/skate_ws/src/skate/build/skate': CMAKE_PREFIX_PATH=${CMAKE_PREFIX_PATH}:/opt/ros/foxy /usr/bin/cmake --install /home/danya/skate_ws/src/skate/build/skate
[3.579s] -- Install configuration: ""
[3.579s] -- Installing: /home/danya/skate_ws/src/skate/install/skate/lib/skate/stanley_controller.py
[3.579s] -- Installing: /home/danya/skate_ws/src/skate/install/skate/lib/skate/path_generator.py
[3.580s] -- Installing: /home/danya/skate_ws/src/skate/install/skate/lib/skate/odom_to_path.py
[3.580s] -- Installing: /home/danya/skate_ws/src/skate/install/skate/share/skate/config
[3.580s] -- Installing: /home/danya/skate_ws/src/skate/install/skate/share/skate/config/controller_config.yaml
[3.589s] -- Installing: /home/danya/skate_ws/src/skate/install/skate/share/skate/config/empty.yaml
[3.590s] -- Installing: /home/danya/skate_ws/src/skate/install/skate/share/skate/config/view_skate_world_frame.rviz
[3.590s] -- Installing: /home/danya/skate_ws/src/skate/install/skate/share/skate/config/view_skate.rviz
[3.590s] -- Installing: /home/danya/skate_ws/src/skate/install/skate/share/skate/description
[3.590s] -- Installing: /home/danya/skate_ws/src/skate/install/skate/share/skate/description/board
[3.591s] -- Installing: /home/danya/skate_ws/src/skate/install/skate/share/skate/description/board/meshes
[3.591s] -- Installing: /home/danya/skate_ws/src/skate/install/skate/share/skate/description/board/meshes/tr0.STL
[3.598s] -- Installing: /home/danya/skate_ws/src/skate/install/skate/share/skate/description/board/meshes/wh0.STL
[3.600s] -- Installing: /home/danya/skate_ws/src/skate/install/skate/share/skate/description/board/meshes/tr1.STL
[3.604s] -- Installing: /home/danya/skate_ws/src/skate/install/skate/share/skate/description/board/meshes/wh3.STL
[3.605s] -- Installing: /home/danya/skate_ws/src/skate/install/skate/share/skate/description/board/meshes/wh2.STL
[3.607s] -- Installing: /home/danya/skate_ws/src/skate/install/skate/share/skate/description/board/meshes/wh1.STL
[3.608s] -- Installing: /home/danya/skate_ws/src/skate/install/skate/share/skate/description/board/meshes/base_link.STL
[3.612s] -- Installing: /home/danya/skate_ws/src/skate/install/skate/share/skate/description/board/launch
[3.613s] -- Installing: /home/danya/skate_ws/src/skate/install/skate/share/skate/description/board/launch/display.launch
[3.613s] -- Installing: /home/danya/skate_ws/src/skate/install/skate/share/skate/description/board/launch/gazebo.launch
[3.613s] -- Installing: /home/danya/skate_ws/src/skate/install/skate/share/skate/description/board/config
[3.613s] -- Installing: /home/danya/skate_ws/src/skate/install/skate/share/skate/description/board/config/joint_names_skate.yaml
[3.613s] -- Installing: /home/danya/skate_ws/src/skate/install/skate/share/skate/description/board/CMakeLists.txt
[3.614s] -- Installing: /home/danya/skate_ws/src/skate/install/skate/share/skate/description/board/export.log
[3.619s] -- Installing: /home/danya/skate_ws/src/skate/install/skate/share/skate/description/board/package.xml
[3.619s] -- Installing: /home/danya/skate_ws/src/skate/install/skate/share/skate/description/board/urdf
[3.619s] -- Installing: /home/danya/skate_ws/src/skate/install/skate/share/skate/description/board/urdf/ros2_control.xacro
[3.620s] -- Installing: /home/danya/skate_ws/src/skate/install/skate/share/skate/description/board/urdf/robot_core.xacro
[3.620s] -- Installing: /home/danya/skate_ws/src/skate/install/skate/share/skate/description/board/urdf/board.urdf.xacro
[3.620s] -- Installing: /home/danya/skate_ws/src/skate/install/skate/share/skate/description/board/urdf/board.csv
[3.621s] -- Installing: /home/danya/skate_ws/src/skate/install/skate/share/skate/description/board/urdf/gazebo_control.xacro
[3.621s] -- Installing: /home/danya/skate_ws/src/skate/install/skate/share/skate/description/robot.urdf.xacro
[3.621s] -- Installing: /home/danya/skate_ws/src/skate/install/skate/share/skate/launch
[3.622s] -- Installing: /home/danya/skate_ws/src/skate/install/skate/share/skate/launch/launch_sim.launch.py
[3.622s] -- Installing: /home/danya/skate_ws/src/skate/install/skate/share/skate/launch/skate_stanley_control.launch.py
[3.622s] -- Installing: /home/danya/skate_ws/src/skate/install/skate/share/skate/launch/rsp.launch.py
[3.622s] -- Installing: /home/danya/skate_ws/src/skate/install/skate/share/skate/launch/stanley_controller.launch.py
[3.622s] -- Installing: /home/danya/skate_ws/src/skate/install/skate/share/skate/launch/skate_stanley_control_world_frame.launch.py
[3.623s] -- Installing: /home/danya/skate_ws/src/skate/install/skate/share/skate/worlds
[3.623s] -- Installing: /home/danya/skate_ws/src/skate/install/skate/share/skate/worlds/empty.world
[3.623s] -- Installing: /home/danya/skate_ws/src/skate/install/skate/share/ament_index/resource_index/package_run_dependencies/skate
[3.623s] -- Installing: /home/danya/skate_ws/src/skate/install/skate/share/ament_index/resource_index/parent_prefix_path/skate
[3.624s] -- Installing: /home/danya/skate_ws/src/skate/install/skate/share/skate/environment/ament_prefix_path.sh
[3.624s] -- Installing: /home/danya/skate_ws/src/skate/install/skate/share/skate/environment/ament_prefix_path.dsv
[3.624s] -- Installing: /home/danya/skate_ws/src/skate/install/skate/share/skate/environment/path.sh
[3.624s] -- Installing: /home/danya/skate_ws/src/skate/install/skate/share/skate/environment/path.dsv
[3.624s] -- Installing: /home/danya/skate_ws/src/skate/install/skate/share/skate/local_setup.bash
[3.625s] -- Installing: /home/danya/skate_ws/src/skate/install/skate/share/skate/local_setup.sh
[3.625s] -- Installing: /home/danya/skate_ws/src/skate/install/skate/share/skate/local_setup.zsh
[3.625s] -- Installing: /home/danya/skate_ws/src/skate/install/skate/share/skate/local_setup.dsv
[3.625s] -- Installing: /home/danya/skate_ws/src/skate/install/skate/share/skate/package.dsv
[3.626s] -- Installing: /home/danya/skate_ws/src/skate/install/skate/share/ament_index/resource_index/packages/skate
[3.626s] -- Installing: /home/danya/skate_ws/src/skate/install/skate/share/skate/cmake/skateConfig.cmake
[3.626s] -- Installing: /home/danya/skate_ws/src/skate/install/skate/share/skate/cmake/skateConfig-version.cmake
[3.626s] -- Installing: /home/danya/skate_ws/src/skate/install/skate/share/skate/package.xml
[3.628s] Invoked command in '/home/danya/skate_ws/src/skate/build/skate' returned '0': CMAKE_PREFIX_PATH=${CMAKE_PREFIX_PATH}:/opt/ros/foxy /usr/bin/cmake --install /home/danya/skate_ws/src/skate/build/skate
