-- Install configuration: ""
-- Installing: /home/danya/skate_ws/src/skate/install/skate/lib/skate/stanley_controller.py
-- Up-to-date: /home/danya/skate_ws/src/skate/install/skate/lib/skate/path_generator.py
-- Up-to-date: /home/danya/skate_ws/src/skate/install/skate/lib/skate/odom_to_path.py
-- Up-to-date: /home/danya/skate_ws/src/skate/install/skate/share/skate/config
-- Up-to-date: /home/danya/skate_ws/src/skate/install/skate/share/skate/config/controller_config.yaml
-- Up-to-date: /home/danya/skate_ws/src/skate/install/skate/share/skate/config/empty.yaml
-- Up-to-date: /home/danya/skate_ws/src/skate/install/skate/share/skate/config/view_skate_world_frame.rviz
-- Up-to-date: /home/danya/skate_ws/src/skate/install/skate/share/skate/config/view_skate.rviz
-- Up-to-date: /home/danya/skate_ws/src/skate/install/skate/share/skate/description
-- Up-to-date: /home/danya/skate_ws/src/skate/install/skate/share/skate/description/board
-- Up-to-date: /home/danya/skate_ws/src/skate/install/skate/share/skate/description/board/meshes
-- Up-to-date: /home/danya/skate_ws/src/skate/install/skate/share/skate/description/board/meshes/tr0.STL
-- Up-to-date: /home/danya/skate_ws/src/skate/install/skate/share/skate/description/board/meshes/wh0.STL
-- Up-to-date: /home/danya/skate_ws/src/skate/install/skate/share/skate/description/board/meshes/tr1.STL
-- Up-to-date: /home/danya/skate_ws/src/skate/install/skate/share/skate/description/board/meshes/wh3.STL
-- Up-to-date: /home/danya/skate_ws/src/skate/install/skate/share/skate/description/board/meshes/wh2.STL
-- Up-to-date: /home/danya/skate_ws/src/skate/install/skate/share/skate/description/board/meshes/wh1.STL
-- Up-to-date: /home/danya/skate_ws/src/skate/install/skate/share/skate/description/board/meshes/base_link.STL
-- Up-to-date: /home/danya/skate_ws/src/skate/install/skate/share/skate/description/board/launch
-- Up-to-date: /home/danya/skate_ws/src/skate/install/skate/share/skate/description/board/launch/display.launch
-- Up-to-date: /home/danya/skate_ws/src/skate/install/skate/share/skate/description/board/launch/gazebo.launch
-- Up-to-date: /home/danya/skate_ws/src/skate/install/skate/share/skate/description/board/config
-- Up-to-date: /home/danya/skate_ws/src/skate/install/skate/share/skate/description/board/config/joint_names_skate.yaml
-- Up-to-date: /home/danya/skate_ws/src/skate/install/skate/share/skate/description/board/CMakeLists.txt
-- Up-to-date: /home/danya/skate_ws/src/skate/install/skate/share/skate/description/board/export.log
-- Up-to-date: /home/danya/skate_ws/src/skate/install/skate/share/skate/description/board/package.xml
-- Up-to-date: /home/danya/skate_ws/src/skate/install/skate/share/skate/description/board/urdf
-- Up-to-date: /home/danya/skate_ws/src/skate/install/skate/share/skate/description/board/urdf/ros2_control.xacro
-- Up-to-date: /home/danya/skate_ws/src/skate/install/skate/share/skate/description/board/urdf/robot_core.xacro
-- Up-to-date: /home/danya/skate_ws/src/skate/install/skate/share/skate/description/board/urdf/board.urdf.xacro
-- Up-to-date: /home/danya/skate_ws/src/skate/install/skate/share/skate/description/board/urdf/board.csv
-- Up-to-date: /home/danya/skate_ws/src/skate/install/skate/share/skate/description/board/urdf/gazebo_control.xacro
-- Up-to-date: /home/danya/skate_ws/src/skate/install/skate/share/skate/description/robot.urdf.xacro
-- Up-to-date: /home/danya/skate_ws/src/skate/install/skate/share/skate/launch
-- Up-to-date: /home/danya/skate_ws/src/skate/install/skate/share/skate/launch/launch_sim.launch.py
-- Up-to-date: /home/danya/skate_ws/src/skate/install/skate/share/skate/launch/skate_stanley_control.launch.py
-- Up-to-date: /home/danya/skate_ws/src/skate/install/skate/share/skate/launch/rsp.launch.py
-- Up-to-date: /home/danya/skate_ws/src/skate/install/skate/share/skate/launch/stanley_controller.launch.py
-- Up-to-date: /home/danya/skate_ws/src/skate/install/skate/share/skate/launch/skate_stanley_control_world_frame.launch.py
-- Up-to-date: /home/danya/skate_ws/src/skate/install/skate/share/skate/worlds
-- Up-to-date: /home/danya/skate_ws/src/skate/install/skate/share/skate/worlds/empty.world
-- Up-to-date: /home/danya/skate_ws/src/skate/install/skate/share/ament_index/resource_index/package_run_dependencies/skate
-- Up-to-date: /home/danya/skate_ws/src/skate/install/skate/share/ament_index/resource_index/parent_prefix_path/skate
-- Up-to-date: /home/danya/skate_ws/src/skate/install/skate/share/skate/environment/ament_prefix_path.sh
-- Up-to-date: /home/danya/skate_ws/src/skate/install/skate/share/skate/environment/ament_prefix_path.dsv
-- Up-to-date: /home/danya/skate_ws/src/skate/install/skate/share/skate/environment/path.sh
-- Up-to-date: /home/danya/skate_ws/src/skate/install/skate/share/skate/environment/path.dsv
-- Up-to-date: /home/danya/skate_ws/src/skate/install/skate/share/skate/local_setup.bash
-- Up-to-date: /home/danya/skate_ws/src/skate/install/skate/share/skate/local_setup.sh
-- Up-to-date: /home/danya/skate_ws/src/skate/install/skate/share/skate/local_setup.zsh
-- Up-to-date: /home/danya/skate_ws/src/skate/install/skate/share/skate/local_setup.dsv
-- Up-to-date: /home/danya/skate_ws/src/skate/install/skate/share/skate/package.dsv
-- Up-to-date: /home/danya/skate_ws/src/skate/install/skate/share/ament_index/resource_index/packages/skate
-- Up-to-date: /home/danya/skate_ws/src/skate/install/skate/share/skate/cmake/skateConfig.cmake
-- Up-to-date: /home/danya/skate_ws/src/skate/install/skate/share/skate/cmake/skateConfig-version.cmake
-- Up-to-date: /home/danya/skate_ws/src/skate/install/skate/share/skate/package.xml
