[0.026s] Invoking command in '/home/danya/skate_ws/src/skate/build/skate': CMAKE_PREFIX_PATH=${CMAKE_PREFIX_PATH}:/opt/ros/foxy /usr/bin/cmake --build /home/danya/skate_ws/src/skate/build/skate -- -j8 -l8
[0.101s] Invoked command in '/home/danya/skate_ws/src/skate/build/skate' returned '0': CMAKE_PREFIX_PATH=${CMAKE_PREFIX_PATH}:/opt/ros/foxy /usr/bin/cmake --build /home/danya/skate_ws/src/skate/build/skate -- -j8 -l8
[0.128s] Invoking command in '/home/danya/skate_ws/src/skate/build/skate': CMAKE_PREFIX_PATH=${CMAKE_PREFIX_PATH}:/opt/ros/foxy /usr/bin/cmake --install /home/danya/skate_ws/src/skate/build/skate
[0.141s] -- Install configuration: ""
[0.142s] -- Installing: /home/danya/skate_ws/src/skate/install/skate/lib/skate/stanley_controller.py
[0.142s] -- Up-to-date: /home/danya/skate_ws/src/skate/install/skate/lib/skate/path_generator.py
[0.143s] -- Up-to-date: /home/danya/skate_ws/src/skate/install/skate/lib/skate/odom_to_path.py
[0.143s] -- Up-to-date: /home/danya/skate_ws/src/skate/install/skate/share/skate/config
[0.143s] -- Up-to-date: /home/danya/skate_ws/src/skate/install/skate/share/skate/config/controller_config.yaml
[0.144s] -- Up-to-date: /home/danya/skate_ws/src/skate/install/skate/share/skate/config/empty.yaml
[0.144s] -- Up-to-date: /home/danya/skate_ws/src/skate/install/skate/share/skate/config/view_skate_world_frame.rviz
[0.144s] -- Up-to-date: /home/danya/skate_ws/src/skate/install/skate/share/skate/config/view_skate.rviz
[0.144s] -- Up-to-date: /home/danya/skate_ws/src/skate/install/skate/share/skate/description
[0.145s] -- Up-to-date: /home/danya/skate_ws/src/skate/install/skate/share/skate/description/board
[0.147s] -- Up-to-date: /home/danya/skate_ws/src/skate/install/skate/share/skate/description/board/meshes
[0.147s] -- Up-to-date: /home/danya/skate_ws/src/skate/install/skate/share/skate/description/board/meshes/tr0.STL
[0.148s] -- Up-to-date: /home/danya/skate_ws/src/skate/install/skate/share/skate/description/board/meshes/wh0.STL
[0.148s] -- Up-to-date: /home/danya/skate_ws/src/skate/install/skate/share/skate/description/board/meshes/tr1.STL
[0.149s] -- Up-to-date: /home/danya/skate_ws/src/skate/install/skate/share/skate/description/board/meshes/wh3.STL
[0.149s] -- Up-to-date: /home/danya/skate_ws/src/skate/install/skate/share/skate/description/board/meshes/wh2.STL
[0.150s] -- Up-to-date: /home/danya/skate_ws/src/skate/install/skate/share/skate/description/board/meshes/wh1.STL
[0.151s] -- Up-to-date: /home/danya/skate_ws/src/skate/install/skate/share/skate/description/board/meshes/base_link.STL
[0.151s] -- Up-to-date: /home/danya/skate_ws/src/skate/install/skate/share/skate/description/board/launch
[0.151s] -- Up-to-date: /home/danya/skate_ws/src/skate/install/skate/share/skate/description/board/launch/display.launch
[0.152s] -- Up-to-date: /home/danya/skate_ws/src/skate/install/skate/share/skate/description/board/launch/gazebo.launch
[0.152s] -- Up-to-date: /home/danya/skate_ws/src/skate/install/skate/share/skate/description/board/config
[0.152s] -- Up-to-date: /home/danya/skate_ws/src/skate/install/skate/share/skate/description/board/config/joint_names_skate.yaml
[0.152s] -- Up-to-date: /home/danya/skate_ws/src/skate/install/skate/share/skate/description/board/CMakeLists.txt
[0.152s] -- Up-to-date: /home/danya/skate_ws/src/skate/install/skate/share/skate/description/board/export.log
[0.152s] -- Up-to-date: /home/danya/skate_ws/src/skate/install/skate/share/skate/description/board/package.xml
[0.152s] -- Up-to-date: /home/danya/skate_ws/src/skate/install/skate/share/skate/description/board/urdf
[0.152s] -- Up-to-date: /home/danya/skate_ws/src/skate/install/skate/share/skate/description/board/urdf/ros2_control.xacro
[0.152s] -- Up-to-date: /home/danya/skate_ws/src/skate/install/skate/share/skate/description/board/urdf/robot_core.xacro
[0.153s] -- Up-to-date: /home/danya/skate_ws/src/skate/install/skate/share/skate/description/board/urdf/board.urdf.xacro
[0.153s] -- Up-to-date: /home/danya/skate_ws/src/skate/install/skate/share/skate/description/board/urdf/board.csv
[0.153s] -- Up-to-date: /home/danya/skate_ws/src/skate/install/skate/share/skate/description/board/urdf/gazebo_control.xacro
[0.153s] -- Up-to-date: /home/danya/skate_ws/src/skate/install/skate/share/skate/description/robot.urdf.xacro
[0.153s] -- Up-to-date: /home/danya/skate_ws/src/skate/install/skate/share/skate/launch
[0.153s] -- Up-to-date: /home/danya/skate_ws/src/skate/install/skate/share/skate/launch/launch_sim.launch.py
[0.153s] -- Up-to-date: /home/danya/skate_ws/src/skate/install/skate/share/skate/launch/skate_stanley_control.launch.py
[0.153s] -- Up-to-date: /home/danya/skate_ws/src/skate/install/skate/share/skate/launch/rsp.launch.py
[0.154s] -- Up-to-date: /home/danya/skate_ws/src/skate/install/skate/share/skate/launch/stanley_controller.launch.py
[0.154s] -- Up-to-date: /home/danya/skate_ws/src/skate/install/skate/share/skate/launch/skate_stanley_control_world_frame.launch.py
[0.154s] -- Up-to-date: /home/danya/skate_ws/src/skate/install/skate/share/skate/worlds
[0.154s] -- Up-to-date: /home/danya/skate_ws/src/skate/install/skate/share/skate/worlds/empty.world
[0.154s] -- Up-to-date: /home/danya/skate_ws/src/skate/install/skate/share/ament_index/resource_index/package_run_dependencies/skate
[0.154s] -- Up-to-date: /home/danya/skate_ws/src/skate/install/skate/share/ament_index/resource_index/parent_prefix_path/skate
[0.154s] -- Up-to-date: /home/danya/skate_ws/src/skate/install/skate/share/skate/environment/ament_prefix_path.sh
[0.155s] -- Up-to-date: /home/danya/skate_ws/src/skate/install/skate/share/skate/environment/ament_prefix_path.dsv
[0.155s] -- Up-to-date: /home/danya/skate_ws/src/skate/install/skate/share/skate/environment/path.sh
[0.155s] -- Up-to-date: /home/danya/skate_ws/src/skate/install/skate/share/skate/environment/path.dsv
[0.155s] -- Up-to-date: /home/danya/skate_ws/src/skate/install/skate/share/skate/local_setup.bash
[0.155s] -- Up-to-date: /home/danya/skate_ws/src/skate/install/skate/share/skate/local_setup.sh
[0.155s] -- Up-to-date: /home/danya/skate_ws/src/skate/install/skate/share/skate/local_setup.zsh
[0.155s] -- Up-to-date: /home/danya/skate_ws/src/skate/install/skate/share/skate/local_setup.dsv
[0.155s] -- Up-to-date: /home/danya/skate_ws/src/skate/install/skate/share/skate/package.dsv
[0.155s] -- Up-to-date: /home/danya/skate_ws/src/skate/install/skate/share/ament_index/resource_index/packages/skate
[0.156s] -- Up-to-date: /home/danya/skate_ws/src/skate/install/skate/share/skate/cmake/skateConfig.cmake
[0.156s] -- Up-to-date: /home/danya/skate_ws/src/skate/install/skate/share/skate/cmake/skateConfig-version.cmake
[0.156s] -- Up-to-date: /home/danya/skate_ws/src/skate/install/skate/share/skate/package.xml
[0.156s] Invoked command in '/home/danya/skate_ws/src/skate/build/skate' returned '0': CMAKE_PREFIX_PATH=${CMAKE_PREFIX_PATH}:/opt/ros/foxy /usr/bin/cmake --install /home/danya/skate_ws/src/skate/build/skate
